<?xml version="1.0" encoding="UTF-8"?>
<!-- Generated by org.testng.reporters.JUnitXMLReporter -->
<testsuite ignored="0" hostname="Nirmals-MacBook-Pro.local" failures="0" tests="9" name="Test" time="8.303" errors="0" timestamp="2022-05-16T20:43:32 IST">
  <testcase classname="com.restassured.tests.GetandValidateMultipleJsonResponse" name="ValidateMultipleResponse" time="2.715"/>
  <testcase classname="com.restassured.tests.GetandValidateSingleJsonResponse" name="ValidateSingleResponse" time="0.453"/>
  <testcase classname="com.restassured.tests.GetSingleUser" name="Getuserdetailsbyuserid" time="0.11"/>
  <testcase classname="com.restassured.tests.CreateUser" name="createUser" time="0.679"/>
  <testcase classname="com.restassured.tests.UpdateUser" name="updateUser" time="0.492"/>
  <testcase classname="com.restassured.tests.GetListofUsers" name="getListofUsers" time="0.069"/>
  <testcase classname="com.restassured.tests.CreateUserUsingPojo" name="createUser" time="0.527"/>
  <testcase classname="com.restassured.tests.ValidateResponseBody" name="validateResponse" time="0.658"/>
  <testcase classname="com.restassured.tests.CreateUserUsingDataDriven" name="createUser" time="0.522"/>
</testsuite> <!-- Test -->
