<?xml version="1.0" encoding="UTF-8"?>
<testng-results ignored="0" total="9" passed="9" failed="0" skipped="0">
  <reporter-output>
  </reporter-output>
  <suite started-at="2022-05-16T20:43:24 IST" name="Suite" finished-at="2022-05-16T20:43:32 IST" duration-ms="8303">
    <groups>
    </groups>
    <test started-at="2022-05-16T20:43:24 IST" name="Test" finished-at="2022-05-16T20:43:32 IST" duration-ms="8303">
      <class name="com.restassured.tests.GetSingleUser">
        <test-method is-config="true" signature="setup()[pri:0, instance:com.restassured.tests.GetSingleUser@1ed6388a]" started-at="2022-05-16T20:43:28 IST" name="setup" finished-at="2022-05-16T20:43:28 IST" duration-ms="1" status="PASS">
          <reporter-output>
          </reporter-output>
        </test-method> <!-- setup -->
        <test-method signature="Getuserdetailsbyuserid()[pri:0, instance:com.restassured.tests.GetSingleUser@1ed6388a]" started-at="2022-05-16T20:43:28 IST" name="Getuserdetailsbyuserid" finished-at="2022-05-16T20:43:28 IST" duration-ms="110" status="PASS">
          <reporter-output>
          </reporter-output>
        </test-method> <!-- Getuserdetailsbyuserid -->
        <test-method is-config="true" signature="cleanup()[pri:0, instance:com.restassured.tests.GetSingleUser@1ed6388a]" started-at="2022-05-16T20:43:28 IST" name="cleanup" finished-at="2022-05-16T20:43:28 IST" duration-ms="34" status="PASS">
          <reporter-output>
          </reporter-output>
        </test-method> <!-- cleanup -->
      </class> <!-- com.restassured.tests.GetSingleUser -->
      <class name="com.restassured.tests.CreateUserUsingDataDriven">
        <test-method is-config="true" signature="setup()[pri:0, instance:com.restassured.tests.CreateUserUsingDataDriven@130c12b7]" started-at="2022-05-16T20:43:31 IST" name="setup" finished-at="2022-05-16T20:43:31 IST" duration-ms="1" status="PASS">
          <reporter-output>
          </reporter-output>
        </test-method> <!-- setup -->
        <test-method signature="createUser(java.util.Map)[pri:0, instance:com.restassured.tests.CreateUserUsingDataDriven@130c12b7]" started-at="2022-05-16T20:43:31 IST" name="createUser" data-provider="getData1" finished-at="2022-05-16T20:43:32 IST" duration-ms="522" status="PASS">
          <params>
            <param index="0">
              <value>
                <![CDATA[{name=Nirmal, job=QA}]]>
              </value>
            </param>
          </params>
          <reporter-output>
          </reporter-output>
        </test-method> <!-- createUser -->
        <test-method is-config="true" signature="cleanUp(org.testng.ITestResult)[pri:0, instance:com.restassured.tests.CreateUserUsingDataDriven@130c12b7]" started-at="2022-05-16T20:43:32 IST" name="cleanUp" finished-at="2022-05-16T20:43:32 IST" duration-ms="3" status="PASS">
          <params>
            <param index="0">
              <value>
                <![CDATA[[TestResult name=createUser status=SUCCESS method=CreateUserUsingDataDriven.createUser(java.util.Map)[pri:0, instance:com.restassured.tests.CreateUserUsingDataDriven@130c12b7] output={null}]]]>
              </value>
            </param>
          </params>
          <reporter-output>
          </reporter-output>
        </test-method> <!-- cleanUp -->
        <test-method is-config="true" signature="cleanup()[pri:0, instance:com.restassured.tests.CreateUserUsingDataDriven@130c12b7]" started-at="2022-05-16T20:43:32 IST" name="cleanup" finished-at="2022-05-16T20:43:32 IST" duration-ms="120" status="PASS">
          <reporter-output>
          </reporter-output>
        </test-method> <!-- cleanup -->
      </class> <!-- com.restassured.tests.CreateUserUsingDataDriven -->
      <class name="com.restassured.tests.UpdateUser">
        <test-method is-config="true" signature="setup()[pri:0, instance:com.restassured.tests.UpdateUser@534a5a98]" started-at="2022-05-16T20:43:29 IST" name="setup" finished-at="2022-05-16T20:43:29 IST" duration-ms="1" status="PASS">
          <reporter-output>
          </reporter-output>
        </test-method> <!-- setup -->
        <test-method signature="updateUser()[pri:0, instance:com.restassured.tests.UpdateUser@534a5a98]" started-at="2022-05-16T20:43:29 IST" name="updateUser" finished-at="2022-05-16T20:43:29 IST" duration-ms="492" status="PASS">
          <reporter-output>
          </reporter-output>
        </test-method> <!-- updateUser -->
        <test-method is-config="true" signature="cleanup()[pri:0, instance:com.restassured.tests.UpdateUser@534a5a98]" started-at="2022-05-16T20:43:29 IST" name="cleanup" finished-at="2022-05-16T20:43:30 IST" duration-ms="66" status="PASS">
          <reporter-output>
          </reporter-output>
        </test-method> <!-- cleanup -->
      </class> <!-- com.restassured.tests.UpdateUser -->
      <class name="com.restassured.tests.CreateUser">
        <test-method is-config="true" signature="setup()[pri:0, instance:com.restassured.tests.CreateUser@5a45133e]" started-at="2022-05-16T20:43:28 IST" name="setup" finished-at="2022-05-16T20:43:28 IST" duration-ms="1" status="PASS">
          <reporter-output>
          </reporter-output>
        </test-method> <!-- setup -->
        <test-method signature="createUser()[pri:0, instance:com.restassured.tests.CreateUser@5a45133e]" started-at="2022-05-16T20:43:28 IST" name="createUser" finished-at="2022-05-16T20:43:29 IST" duration-ms="679" status="PASS">
          <reporter-output>
          </reporter-output>
        </test-method> <!-- createUser -->
        <test-method is-config="true" signature="cleanUp(org.testng.ITestResult)[pri:0, instance:com.restassured.tests.CreateUser@5a45133e]" started-at="2022-05-16T20:43:29 IST" name="cleanUp" finished-at="2022-05-16T20:43:29 IST" duration-ms="2" status="PASS">
          <params>
            <param index="0">
              <value>
                <![CDATA[[TestResult name=createUser status=SUCCESS method=CreateUser.createUser()[pri:0, instance:com.restassured.tests.CreateUser@5a45133e] output={null}]]]>
              </value>
            </param>
          </params>
          <reporter-output>
          </reporter-output>
        </test-method> <!-- cleanUp -->
        <test-method is-config="true" signature="cleanup()[pri:0, instance:com.restassured.tests.CreateUser@5a45133e]" started-at="2022-05-16T20:43:29 IST" name="cleanup" finished-at="2022-05-16T20:43:29 IST" duration-ms="101" status="PASS">
          <reporter-output>
          </reporter-output>
        </test-method> <!-- cleanup -->
      </class> <!-- com.restassured.tests.CreateUser -->
      <class name="com.restassured.tests.GetListofUsers">
        <test-method is-config="true" signature="setup()[pri:0, instance:com.restassured.tests.GetListofUsers@4f80542f]" started-at="2022-05-16T20:43:30 IST" name="setup" finished-at="2022-05-16T20:43:30 IST" duration-ms="1" status="PASS">
          <reporter-output>
          </reporter-output>
        </test-method> <!-- setup -->
        <test-method signature="getListofUsers()[pri:0, instance:com.restassured.tests.GetListofUsers@4f80542f]" started-at="2022-05-16T20:43:30 IST" name="getListofUsers" finished-at="2022-05-16T20:43:30 IST" duration-ms="69" status="PASS">
          <reporter-output>
          </reporter-output>
        </test-method> <!-- getListofUsers -->
        <test-method is-config="true" signature="cleanup()[pri:0, instance:com.restassured.tests.GetListofUsers@4f80542f]" started-at="2022-05-16T20:43:30 IST" name="cleanup" finished-at="2022-05-16T20:43:30 IST" duration-ms="42" status="PASS">
          <reporter-output>
          </reporter-output>
        </test-method> <!-- cleanup -->
      </class> <!-- com.restassured.tests.GetListofUsers -->
      <class name="com.restassured.tests.CreateUserUsingPojo">
        <test-method is-config="true" signature="setup()[pri:0, instance:com.restassured.tests.CreateUserUsingPojo@60bd273d]" started-at="2022-05-16T20:43:30 IST" name="setup" finished-at="2022-05-16T20:43:30 IST" duration-ms="1" status="PASS">
          <reporter-output>
          </reporter-output>
        </test-method> <!-- setup -->
        <test-method signature="createUser()[pri:0, instance:com.restassured.tests.CreateUserUsingPojo@60bd273d]" started-at="2022-05-16T20:43:30 IST" name="createUser" finished-at="2022-05-16T20:43:30 IST" duration-ms="527" status="PASS">
          <reporter-output>
          </reporter-output>
        </test-method> <!-- createUser -->
        <test-method is-config="true" signature="cleanup()[pri:0, instance:com.restassured.tests.CreateUserUsingPojo@60bd273d]" started-at="2022-05-16T20:43:30 IST" name="cleanup" finished-at="2022-05-16T20:43:30 IST" duration-ms="58" status="PASS">
          <reporter-output>
          </reporter-output>
        </test-method> <!-- cleanup -->
      </class> <!-- com.restassured.tests.CreateUserUsingPojo -->
      <class name="com.restassured.tests.GetandValidateSingleJsonResponse">
        <test-method is-config="true" signature="setup()[pri:0, instance:com.restassured.tests.GetandValidateSingleJsonResponse@942a29c]" started-at="2022-05-16T20:43:27 IST" name="setup" finished-at="2022-05-16T20:43:27 IST" duration-ms="1" status="PASS">
          <reporter-output>
          </reporter-output>
        </test-method> <!-- setup -->
        <test-method signature="ValidateSingleResponse()[pri:0, instance:com.restassured.tests.GetandValidateSingleJsonResponse@942a29c]" started-at="2022-05-16T20:43:27 IST" name="ValidateSingleResponse" finished-at="2022-05-16T20:43:28 IST" duration-ms="453" status="PASS">
          <reporter-output>
          </reporter-output>
        </test-method> <!-- ValidateSingleResponse -->
        <test-method is-config="true" signature="cleanup()[pri:0, instance:com.restassured.tests.GetandValidateSingleJsonResponse@942a29c]" started-at="2022-05-16T20:43:28 IST" name="cleanup" finished-at="2022-05-16T20:43:28 IST" duration-ms="75" status="PASS">
          <reporter-output>
          </reporter-output>
        </test-method> <!-- cleanup -->
      </class> <!-- com.restassured.tests.GetandValidateSingleJsonResponse -->
      <class name="com.restassured.tests.GetandValidateMultipleJsonResponse">
        <test-method is-config="true" signature="setup()[pri:0, instance:com.restassured.tests.GetandValidateMultipleJsonResponse@7db12bb6]" started-at="2022-05-16T20:43:24 IST" name="setup" finished-at="2022-05-16T20:43:24 IST" duration-ms="546" status="PASS">
          <reporter-output>
          </reporter-output>
        </test-method> <!-- setup -->
        <test-method signature="ValidateMultipleResponse()[pri:0, instance:com.restassured.tests.GetandValidateMultipleJsonResponse@7db12bb6]" started-at="2022-05-16T20:43:24 IST" name="ValidateMultipleResponse" finished-at="2022-05-16T20:43:27 IST" duration-ms="2715" status="PASS">
          <reporter-output>
          </reporter-output>
        </test-method> <!-- ValidateMultipleResponse -->
        <test-method is-config="true" signature="cleanup()[pri:0, instance:com.restassured.tests.GetandValidateMultipleJsonResponse@7db12bb6]" started-at="2022-05-16T20:43:27 IST" name="cleanup" finished-at="2022-05-16T20:43:27 IST" duration-ms="435" status="PASS">
          <reporter-output>
          </reporter-output>
        </test-method> <!-- cleanup -->
      </class> <!-- com.restassured.tests.GetandValidateMultipleJsonResponse -->
      <class name="com.restassured.tests.ValidateResponseBody">
        <test-method signature="validateResponse()[pri:0, instance:com.restassured.tests.ValidateResponseBody@121314f7]" started-at="2022-05-16T20:43:30 IST" name="validateResponse" finished-at="2022-05-16T20:43:31 IST" duration-ms="658" status="PASS">
          <reporter-output>
          </reporter-output>
        </test-method> <!-- validateResponse -->
        <test-method is-config="true" signature="setup()[pri:0, instance:com.restassured.tests.ValidateResponseBody@121314f7]" started-at="2022-05-16T20:43:30 IST" name="setup" finished-at="2022-05-16T20:43:30 IST" duration-ms="0" status="PASS">
          <reporter-output>
          </reporter-output>
        </test-method> <!-- setup -->
        <test-method is-config="true" signature="cleanUp(org.testng.ITestResult)[pri:0, instance:com.restassured.tests.ValidateResponseBody@121314f7]" started-at="2022-05-16T20:43:31 IST" name="cleanUp" finished-at="2022-05-16T20:43:31 IST" duration-ms="4" status="PASS">
          <params>
            <param index="0">
              <value>
                <![CDATA[[TestResult name=validateResponse status=SUCCESS method=ValidateResponseBody.validateResponse()[pri:0, instance:com.restassured.tests.ValidateResponseBody@121314f7] output={null}]]]>
              </value>
            </param>
          </params>
          <reporter-output>
          </reporter-output>
        </test-method> <!-- cleanUp -->
        <test-method is-config="true" signature="cleanup()[pri:0, instance:com.restassured.tests.ValidateResponseBody@121314f7]" started-at="2022-05-16T20:43:31 IST" name="cleanup" finished-at="2022-05-16T20:43:31 IST" duration-ms="36" status="PASS">
          <reporter-output>
          </reporter-output>
        </test-method> <!-- cleanup -->
      </class> <!-- com.restassured.tests.ValidateResponseBody -->
    </test> <!-- Test -->
  </suite> <!-- Suite -->
</testng-results>
